<?xml version="1.0" encoding="UTF-8"?>
<!-- Generated by org.testng.reporters.JUnitXMLReporter -->
<testsuite ignored="0" hostname="LAPTOP-2FN4OOKC" failures="0" tests="1" name="ChromeTest" time="0.476" errors="0" timestamp="2022-06-06T17:56:35 IST">
  <testcase classname="TestClasses.VerifyUserCanAddFundToAccount" name="@BeforeClass beforeClass" time="0.435">
    <failure type="java.lang.NullPointerException" message="Cannot invoke &amp;quot;org.openqa.selenium.WebDriver.get(String)&amp;quot; because &amp;quot;BaseClasses.BaseClass.driver&amp;quot; is null">
      <![CDATA[java.lang.NullPointerException: Cannot invoke "org.openqa.selenium.WebDriver.get(String)" because "BaseClasses.BaseClass.driver" is null
at BaseClasses.BaseClass.getDriver(BaseClass.java:27)
at TestClasses.VerifyUserCanAddFundToAccount.beforeClass(VerifyUserCanAddFundToAccount.java:29)
at java.base/java.util.ArrayList.forEach(ArrayList.java:1511)
... Removed 25 stack frames]]>
    </failure>
  </testcase> <!-- @BeforeClass beforeClass -->
  <testcase classname="TestClasses.VerifyUserCanAddFundToAccount" name="@BeforeMethod beforeMethod" time="-1.654518395273E9">
    <skipped/>
  </testcase> <!-- @BeforeMethod beforeMethod -->
  <testcase classname="TestClasses.VerifyUserCanAddFundToAccount" name="@AfterMethod afterMethod" time="-1.65451839528E9">
    <skipped/>
  </testcase> <!-- @AfterMethod afterMethod -->
  <testcase classname="TestClasses.VerifyUserCanAddFundToAccount" name="@AfterClass afterClass" time="-1.654518395282E9">
    <skipped/>
  </testcase> <!-- @AfterClass afterClass -->
  <testcase classname="TestClasses.VerifyUserCanAddFundToAccount" name="VerifyUserCanLogin" time="0.0">
    <skipped/>
  </testcase> <!-- VerifyUserCanLogin -->
</testsuite> <!-- ChromeTest -->
